<?xml version="1.0" encoding="UTF-8"?>
<!-- Generated by org.testng.reporters.JUnitXMLReporter -->
<testsuite ignored="0" hostname="Ankit" failures="0" tests="6" name="Default test" time="19.246" errors="0" timestamp="2023-11-13T21:15:36 IST">
  <testcase classname="api.testcases.DataDrivenUserTest" name="testCreateUser" time="4.91"/>
  <testcase classname="api.testcases.DataDrivenUserTest" name="testCreateUser" time="1.956"/>
  <testcase classname="api.testcases.DataDrivenUserTest" name="testCreateUser" time="1.931"/>
  <testcase classname="api.testcases.DataDrivenUserTest" name="testGetUser" time="1.935"/>
  <testcase classname="api.testcases.DataDrivenUserTest" name="testUpdateUser" time="4.301"/>
  <testcase classname="api.testcases.DataDrivenUserTest" name="testdeleteUser" time="2.024"/>
</testsuite> <!-- Default test -->
