<?xml version="1.0" encoding="UTF-8"?>
<!-- Generated by org.testng.reporters.JUnitXMLReporter -->
<testsuite ignored="0" hostname="Ankit" failures="0" tests="6" name="Test" time="20.104" errors="0" timestamp="2023-11-14T20:42:15 IST">
  <testcase classname="api.testcases.DataDrivenUserTest" name="testCreateUser" time="5.171"/>
  <testcase classname="api.testcases.DataDrivenUserTest" name="testCreateUser" time="1.934"/>
  <testcase classname="api.testcases.DataDrivenUserTest" name="testCreateUser" time="1.932"/>
  <testcase classname="api.testcases.DataDrivenUserTest" name="testGetUser" time="2.04"/>
  <testcase classname="api.testcases.DataDrivenUserTest" name="testUpdateUser" time="4.187"/>
  <testcase classname="api.testcases.DataDrivenUserTest" name="testdeleteUser" time="2.549"/>
</testsuite> <!-- Test -->
